<?xml version="1.0" encoding="UTF-8"?>
<!-- Generated by org.testng.reporters.JUnitReportReporter -->
<testsuite hostname="DESKTOP-V1B5SLC" failures="0" tests="2" name="testNGTests.Cls2" time="12.452" errors="0" timestamp="2022-01-19T07:07:53 IST" skipped="0">
  <testcase classname="testNGTests.Cls2" name="registrationUser1" time="5.024"/>
  <system-out/>
  <testcase classname="testNGTests.Cls2" name="registrationUser2" time="7.428"/>
  <system-out/>
</testsuite> <!-- testNGTests.Cls2 -->
