<?xml version="1.0" encoding="UTF-8"?>
<!-- Generated by org.testng.reporters.JUnitReportReporter -->
<testsuite hostname="DESKTOP-V1B5SLC" failures="0" tests="2" name="testNGTests.Cls3" time="0.261" errors="0" timestamp="2022-01-18T15:18:43 IST" skipped="0">
  <testcase classname="testNGTests.Cls3" name="selectCategory1" time="0.182"/>
  <system-out/>
  <testcase classname="testNGTests.Cls3" name="selectCategory2" time="0.079"/>
  <system-out/>
</testsuite> <!-- testNGTests.Cls3 -->
