<?xml version="1.0" encoding="UTF-8"?>
<!-- Generated by org.testng.reporters.JUnitReportReporter -->
<testsuite hostname="DESKTOP-V1B5SLC" failures="0" tests="2" name="testNGTests.Cls1" time="0.007" errors="0" timestamp="2022-01-18T15:18:43 IST" skipped="0">
  <testcase classname="testNGTests.Cls1" name="func2" time="0.002"/>
  <system-out/>
  <testcase classname="testNGTests.Cls1" name="func1" time="0.005"/>
  <system-out/>
</testsuite> <!-- testNGTests.Cls1 -->
